Flow report for lab_iv_privacy_amplification
Tue May 26 16:57:07 2026
Quartus Prime Version 18.1.0 Build 625 09/12/2018 SJ Lite Edition


---------------------
; Table of Contents ;
---------------------
  1. Legal Notice
  2. Flow Summary
  3. Flow Settings
  4. Flow Non-Default Global Settings
  5. Flow Elapsed Time
  6. Flow OS Summary
  7. Flow Log
  8. Flow Messages
  9. Flow Suppressed Messages



----------------
; Legal Notice ;
----------------
Copyright (C) 2018  Intel Corporation. All rights reserved.
Your use of Intel Corporation's design tools, logic functions 
and other software and tools, and its AMPP partner logic 
functions, and any output files from any of the foregoing 
(including device programming or simulation files), and any 
associated documentation or information are expressly subject 
to the terms and conditions of the Intel Program License 
Subscription Agreement, the Intel Quartus Prime License Agreement,
the Intel FPGA IP License Agreement, or other applicable license
agreement, including, without limitation, that your use is for
the sole purpose of programming logic devices manufactured by
Intel and sold by Intel or its authorized distributors.  Please
refer to the applicable agreement for further details.



+----------------------------------------------------------------------------------+
; Flow Summary                                                                     ;
+------------------------------------+---------------------------------------------+
; Flow Status                        ; Successful - Tue May 26 16:57:07 2026       ;
; Quartus Prime Version              ; 18.1.0 Build 625 09/12/2018 SJ Lite Edition ;
; Revision Name                      ; lab_iv_privacy_amplification                ;
; Top-level Entity Name              ; sistema_completo                            ;
; Family                             ; Cyclone IV E                                ;
; Device                             ; EP4CE115F29C7                               ;
; Timing Models                      ; Final                                       ;
; Total logic elements               ; 2,886 / 114,480 ( 3 % )                     ;
;     Total combinational functions  ; 2,870 / 114,480 ( 3 % )                     ;
;     Dedicated logic registers      ; 2,163 / 114,480 ( 2 % )                     ;
; Total registers                    ; 2163                                        ;
; Total pins                         ; 35 / 529 ( 7 % )                            ;
; Total virtual pins                 ; 0                                           ;
; Total memory bits                  ; 5,088 / 3,981,312 ( < 1 % )                 ;
; Embedded Multiplier 9-bit elements ; 0 / 532 ( 0 % )                             ;
; Total PLLs                         ; 1 / 4 ( 25 % )                              ;
+------------------------------------+---------------------------------------------+


+--------------------------------------------------+
; Flow Settings                                    ;
+-------------------+------------------------------+
; Option            ; Setting                      ;
+-------------------+------------------------------+
; Start date & time ; 05/26/2026 16:56:27          ;
; Main task         ; Compilation                  ;
; Revision Name     ; lab_iv_privacy_amplification ;
+-------------------+------------------------------+


+---------------------------------------------------------------------------------------------------------------------------------------------------------------------+
; Flow Non-Default Global Settings                                                                                                                                    ;
+--------------------------------------+----------------------------------------+------------------------------+------------------+-----------------------------------+
; Assignment Name                      ; Value                                  ; Default Value                ; Entity Name      ; Section Id                        ;
+--------------------------------------+----------------------------------------+------------------------------+------------------+-----------------------------------+
; COMPILER_SIGNATURE_ID                ; 10995770589199.177982538628084         ; --                           ; --               ; --                                ;
; EDA_DESIGN_INSTANCE_NAME             ; NA                                     ; --                           ; --               ; compression_unit_tb               ;
; EDA_DESIGN_INSTANCE_NAME             ; NA                                     ; --                           ; --               ; hash_engine_tb                    ;
; EDA_DESIGN_INSTANCE_NAME             ; NA                                     ; --                           ; --               ; top_tb                            ;
; EDA_GENERATE_FUNCTIONAL_NETLIST      ; Off                                    ; --                           ; --               ; eda_board_design_timing           ;
; EDA_GENERATE_FUNCTIONAL_NETLIST      ; Off                                    ; --                           ; --               ; eda_board_design_boundary_scan    ;
; EDA_GENERATE_FUNCTIONAL_NETLIST      ; Off                                    ; --                           ; --               ; eda_board_design_signal_integrity ;
; EDA_GENERATE_FUNCTIONAL_NETLIST      ; Off                                    ; --                           ; --               ; eda_board_design_symbol           ;
; EDA_NATIVELINK_SIMULATION_TEST_BENCH ; top_tb                                 ; --                           ; --               ; eda_simulation                    ;
; EDA_OUTPUT_DATA_FORMAT               ; Verilog Hdl                            ; --                           ; --               ; eda_simulation                    ;
; EDA_SIMULATION_TOOL                  ; ModelSim-Altera (Verilog)              ; <None>                       ; --               ; --                                ;
; EDA_TEST_BENCH_ENABLE_STATUS         ; TEST_BENCH_MODE                        ; --                           ; --               ; eda_simulation                    ;
; EDA_TEST_BENCH_FILE                  ; compression_unit_tb.v                  ; --                           ; --               ; compression_unit_tb               ;
; EDA_TEST_BENCH_FILE                  ; hash_engine_tb.v                       ; --                           ; --               ; hash_engine_tb                    ;
; EDA_TEST_BENCH_FILE                  ; top_tb.v                               ; --                           ; --               ; top_tb                            ;
; EDA_TEST_BENCH_MODULE_NAME           ; compression_unit_tb                    ; --                           ; --               ; compression_unit_tb               ;
; EDA_TEST_BENCH_MODULE_NAME           ; hash_engine_tb                         ; --                           ; --               ; hash_engine_tb                    ;
; EDA_TEST_BENCH_MODULE_NAME           ; top_tb                                 ; --                           ; --               ; top_tb                            ;
; EDA_TEST_BENCH_NAME                  ; hash_engine_tb                         ; --                           ; --               ; eda_simulation                    ;
; EDA_TEST_BENCH_NAME                  ; top_tb                                 ; --                           ; --               ; eda_simulation                    ;
; EDA_TIME_SCALE                       ; 1 ps                                   ; --                           ; --               ; eda_simulation                    ;
; MAX_CORE_JUNCTION_TEMP               ; 85                                     ; --                           ; --               ; --                                ;
; MIN_CORE_JUNCTION_TEMP               ; 0                                      ; --                           ; --               ; --                                ;
; MISC_FILE                            ; pll_150_bb.v                           ; --                           ; --               ; --                                ;
; MISC_FILE                            ; pll_150.ppf                            ; --                           ; --               ; --                                ;
; NOMINAL_CORE_SUPPLY_VOLTAGE          ; 1.2V                                   ; --                           ; --               ; --                                ;
; NUM_PARALLEL_PROCESSORS              ; All                                    ; --                           ; --               ; --                                ;
; PARTITION_COLOR                      ; -- (Not supported for targeted family) ; --                           ; sistema_completo ; Top                               ;
; PARTITION_FITTER_PRESERVATION_LEVEL  ; -- (Not supported for targeted family) ; --                           ; sistema_completo ; Top                               ;
; PARTITION_NETLIST_TYPE               ; -- (Not supported for targeted family) ; --                           ; sistema_completo ; Top                               ;
; POWER_BOARD_THERMAL_MODEL            ; None (CONSERVATIVE)                    ; --                           ; --               ; --                                ;
; POWER_PRESET_COOLING_SOLUTION        ; 23 MM HEAT SINK WITH 200 LFPM AIRFLOW  ; --                           ; --               ; --                                ;
; PROJECT_OUTPUT_DIRECTORY             ; output_files                           ; --                           ; --               ; --                                ;
; SMART_RECOMPILE                      ; On                                     ; Off                          ; --               ; --                                ;
; TOP_LEVEL_ENTITY                     ; sistema_completo                       ; lab_iv_privacy_amplification ; --               ; --                                ;
+--------------------------------------+----------------------------------------+------------------------------+------------------+-----------------------------------+


+--------------------------------------------------------------------------------------------------------------------------+
; Flow Elapsed Time                                                                                                        ;
+----------------------+--------------+-------------------------+---------------------+------------------------------------+
; Module Name          ; Elapsed Time ; Average Processors Used ; Peak Virtual Memory ; Total CPU Time (on all processors) ;
+----------------------+--------------+-------------------------+---------------------+------------------------------------+
; Analysis & Synthesis ; 00:00:13     ; 1.0                     ; 4873 MB             ; 00:00:22                           ;
; Fitter               ; 00:00:16     ; 1.2                     ; 6352 MB             ; 00:00:27                           ;
; Assembler            ; 00:00:03     ; 1.0                     ; 4703 MB             ; 00:00:03                           ;
; Timing Analyzer      ; 00:00:02     ; 1.5                     ; 4982 MB             ; 00:00:03                           ;
; EDA Netlist Writer   ; 00:00:03     ; 1.0                     ; 4690 MB             ; 00:00:03                           ;
; Total                ; 00:00:37     ; --                      ; --                  ; 00:00:58                           ;
+----------------------+--------------+-------------------------+---------------------+------------------------------------+


+------------------------------------------------------------------------------------+
; Flow OS Summary                                                                    ;
+----------------------+------------------+------------+------------+----------------+
; Module Name          ; Machine Hostname ; OS Name    ; OS Version ; Processor type ;
+----------------------+------------------+------------+------------+----------------+
; Analysis & Synthesis ; DESKTOP-3JDE9CS  ; Windows 10 ; 10.0       ; x86_64         ;
; Fitter               ; DESKTOP-3JDE9CS  ; Windows 10 ; 10.0       ; x86_64         ;
; Assembler            ; DESKTOP-3JDE9CS  ; Windows 10 ; 10.0       ; x86_64         ;
; Timing Analyzer      ; DESKTOP-3JDE9CS  ; Windows 10 ; 10.0       ; x86_64         ;
; EDA Netlist Writer   ; DESKTOP-3JDE9CS  ; Windows 10 ; 10.0       ; x86_64         ;
+----------------------+------------------+------------+------------+----------------+


------------
; Flow Log ;
------------
quartus_map --read_settings_files=on --write_settings_files=off lab_iv_privacy_amplification -c lab_iv_privacy_amplification
quartus_fit --read_settings_files=off --write_settings_files=off lab_iv_privacy_amplification -c lab_iv_privacy_amplification
quartus_asm --read_settings_files=off --write_settings_files=off lab_iv_privacy_amplification -c lab_iv_privacy_amplification
quartus_sta lab_iv_privacy_amplification -c lab_iv_privacy_amplification
quartus_eda --read_settings_files=off --write_settings_files=off lab_iv_privacy_amplification -c lab_iv_privacy_amplification



