Assembler report for lab_iv_privacy_amplification
Sun May 24 16:07:55 2026
Quartus Prime Version 20.1.1 Build 720 11/11/2020 SJ Lite Edition


---------------------
; Table of Contents ;
---------------------
  1. Legal Notice
  2. Assembler Summary
  3. Assembler Settings
  4. Assembler Encrypted IP Cores Summary
  5. Assembler Generated Files
  6. Assembler Device Options: C:/lab-iv-privacy-amplification-main/lab-iv-privacy-amplification-main/src/output_files/lab_iv_privacy_amplification.sof
  7. Assembler Messages



----------------
; Legal Notice ;
----------------
Copyright (C) 2020  Intel Corporation. All rights reserved.
Your use of Intel Corporation's design tools, logic functions 
and other software and tools, and any partner logic 
functions, and any output files from any of the foregoing 
(including device programming or simulation files), and any 
associated documentation or information are expressly subject 
to the terms and conditions of the Intel Program License 
Subscription Agreement, the Intel Quartus Prime License Agreement,
the Intel FPGA IP License Agreement, or other applicable license
agreement, including, without limitation, that your use is for
the sole purpose of programming logic devices manufactured by
Intel and sold by Intel or its authorized distributors.  Please
refer to the applicable agreement for further details, at
https://fpgasoftware.intel.com/eula.



+---------------------------------------------------------------+
; Assembler Summary                                             ;
+-----------------------+---------------------------------------+
; Assembler Status      ; Successful - Sun May 24 16:07:55 2026 ;
; Revision Name         ; lab_iv_privacy_amplification          ;
; Top-level Entity Name ; top_de2_115                           ;
; Family                ; Cyclone IV E                          ;
; Device                ; EP4CE115F29C7                         ;
+-----------------------+---------------------------------------+


+----------------------------------+
; Assembler Settings               ;
+--------+---------+---------------+
; Option ; Setting ; Default Value ;
+--------+---------+---------------+


+------------------------------------------------+
; Assembler Encrypted IP Cores Summary           ;
+--------+------------------------+--------------+
; Vendor ; IP Core Name           ; License Type ;
+--------+------------------------+--------------+
; Altera ; Signal Tap (6AF7 BCE1) ; Licensed     ;
; Altera ; Signal Tap (6AF7 BCEC) ; Licensed     ;
+--------+------------------------+--------------+


+--------------------------------------------------------------------------------------------------------------------------+
; Assembler Generated Files                                                                                                ;
+--------------------------------------------------------------------------------------------------------------------------+
; File Name                                                                                                                ;
+--------------------------------------------------------------------------------------------------------------------------+
; C:/lab-iv-privacy-amplification-main/lab-iv-privacy-amplification-main/src/output_files/lab_iv_privacy_amplification.sof ;
+--------------------------------------------------------------------------------------------------------------------------+


+----------------------------------------------------------------------------------------------------------------------------------------------------+
; Assembler Device Options: C:/lab-iv-privacy-amplification-main/lab-iv-privacy-amplification-main/src/output_files/lab_iv_privacy_amplification.sof ;
+----------------+-----------------------------------------------------------------------------------------------------------------------------------+
; Option         ; Setting                                                                                                                           ;
+----------------+-----------------------------------------------------------------------------------------------------------------------------------+
; JTAG usercode  ; 0x007E8F73                                                                                                                        ;
; Checksum       ; 0x007E8F73                                                                                                                        ;
+----------------+-----------------------------------------------------------------------------------------------------------------------------------+


+--------------------+
; Assembler Messages ;
+--------------------+
Info: *******************************************************************
Info: Running Quartus Prime Assembler
    Info: Version 20.1.1 Build 720 11/11/2020 SJ Lite Edition
    Info: Processing started: Sun May 24 16:07:51 2026
Info: Command: quartus_asm --read_settings_files=off --write_settings_files=off lab_iv_privacy_amplification -c lab_iv_privacy_amplification
Info (115031): Writing out detailed assembly data for power analysis
Info (115030): Assembler is generating device programming files
Info: Quartus Prime Assembler was successful. 0 errors, 0 warnings
    Info: Peak virtual memory: 4713 megabytes
    Info: Processing ended: Sun May 24 16:07:55 2026
    Info: Elapsed time: 00:00:04
    Info: Total CPU time (on all processors): 00:00:04


